<?xml version="1.0" encoding="UTF-8"?>
<testng-results skipped="0" failed="0" ignored="0" total="2" passed="2">
  <reporter-output>
  </reporter-output>
  <suite name="Default suite" duration-ms="102182" started-at="2018-09-09T09:20:08Z" finished-at="2018-09-09T09:21:50Z">
    <groups>
      <group name="cucumber">
        <method signature="AbstractTestNGCucumberTests.feature(cucumber.api.testng.CucumberFeatureWrapper)[pri:0, instance:com.cucumber.runners.CukesRunner@548e7350]" name="feature" class="cucumber.api.testng.AbstractTestNGCucumberTests"/>
      </group> <!-- cucumber -->
    </groups>
    <test name="Default test" duration-ms="102182" started-at="2018-09-09T09:20:08Z" finished-at="2018-09-09T09:21:50Z">
      <class name="com.cucumber.runners.CukesRunner">
        <test-method status="PASS" signature="setUpClass()[pri:0, instance:com.cucumber.runners.CukesRunner@548e7350]" name="setUpClass" is-config="true" duration-ms="399" started-at="2018-09-09T09:20:08Z" finished-at="2018-09-09T09:20:08Z">
          <reporter-output>
          </reporter-output>
        </test-method> <!-- setUpClass -->
        <test-method status="PASS" signature="feature(cucumber.api.testng.CucumberFeatureWrapper)[pri:0, instance:com.cucumber.runners.CukesRunner@548e7350]" name="feature" duration-ms="54554" started-at="2018-09-09T09:20:09Z" description="Runs Cucumber Feature" data-provider="features" finished-at="2018-09-09T09:21:03Z">
          <params>
            <param index="0">
              <value>
                <![CDATA[Registration]]>
              </value>
            </param>
          </params>
          <reporter-output>
          </reporter-output>
        </test-method> <!-- feature -->
        <test-method status="PASS" signature="feature(cucumber.api.testng.CucumberFeatureWrapper)[pri:0, instance:com.cucumber.runners.CukesRunner@548e7350]" name="feature" duration-ms="46860" started-at="2018-09-09T09:21:03Z" description="Runs Cucumber Feature" data-provider="features" finished-at="2018-09-09T09:21:50Z">
          <params>
            <param index="0">
              <value>
                <![CDATA[LoginForm]]>
              </value>
            </param>
          </params>
          <reporter-output>
          </reporter-output>
        </test-method> <!-- feature -->
        <test-method status="PASS" signature="tearDownClass()[pri:0, instance:com.cucumber.runners.CukesRunner@548e7350]" name="tearDownClass" is-config="true" duration-ms="171" started-at="2018-09-09T09:21:50Z" finished-at="2018-09-09T09:21:50Z">
          <reporter-output>
          </reporter-output>
        </test-method> <!-- tearDownClass -->
      </class> <!-- com.cucumber.runners.CukesRunner -->
    </test> <!-- Default test -->
  </suite> <!-- Default suite -->
</testng-results>
